2017/02/03 01:51:03 heroku-cli/5.6.8-9647e01 (linux-amd64) go1.7.4 /usr/lib/heroku/bin/heroku cmd: login
2017/02/03 01:51:03 Email: 
2017/02/03 01:51:19 triggering background update
2017/02/03 01:51:19 heroku-cli/5.6.8-9647e01 (linux-amd64) go1.7.4 /usr/lib/heroku/bin/heroku cmd: update
2017/02/03 01:51:20 heroku-cli: Updating plugins...
2017/02/03 01:51:20  done
2017/02/03 01:51:35 heroku-cli/5.6.8-9647e01 (linux-amd64) go1.7.4 /usr/lib/heroku/bin/heroku cmd: keys:add
2017/02/03 01:56:21 heroku-cli/5.6.8-9647e01 (linux-amd64) go1.7.4 /usr/lib/heroku/bin/heroku cmd: create
2017/02/03 01:57:47 heroku-cli/5.6.8-9647e01 (linux-amd64) go1.7.4 /usr/lib/heroku/bin/heroku cmd: rename
2017/02/03 01:57:48 Error: Expected response to be successful, got 422
    at Request.handleFailure (/usr/lib/heroku/lib/node_modules/heroku-client/lib/request.js:240:11)
    at concat.then (/usr/lib/heroku/lib/node_modules/heroku-client/lib/request.js:131:16)
    at process._tickCallback (internal/process/next_tick.js:103:7)
2017/02/03 01:57:48 {"id":"invalid_params","message":"Name must start with a letter and can only contain lowercase letters, numbers, and dashes."}
2017/02/03 01:58:04 heroku-cli/5.6.8-9647e01 (linux-amd64) go1.7.4 /usr/lib/heroku/bin/heroku cmd: rename
2017/02/03 01:58:06 Error: Expected response to be successful, got 422
    at Request.handleFailure (/usr/lib/heroku/lib/node_modules/heroku-client/lib/request.js:240:11)
    at concat.then (/usr/lib/heroku/lib/node_modules/heroku-client/lib/request.js:131:16)
    at process._tickCallback (internal/process/next_tick.js:103:7)
2017/02/03 01:58:06 {"id":"invalid_params","message":"Name is already taken"}
2017/02/03 01:58:24 heroku-cli/5.6.8-9647e01 (linux-amd64) go1.7.4 /usr/lib/heroku/bin/heroku cmd: buildpacks:set
2017/02/03 02:01:52 heroku-cli/5.6.8-9647e01 (linux-amd64) go1.7.4 /usr/lib/heroku/bin/heroku cmd: buildpacks:set
2017/02/03 02:01:52  ▸    Error: No app specified
 ▸    Usage: heroku buildpacks:set URL --app APP
 ▸    We don't know which app to run this on.
 ▸    Run this command from inside an app folder or specify which app to use with --app APP
 ▸    
 ▸    https://devcenter.heroku.com/articles/using-the-cli#app-commands
2017/02/03 02:03:55 heroku-cli/5.6.8-9647e01 (linux-amd64) go1.7.4 /usr/lib/heroku/bin/heroku cmd: config:set
2017/02/03 02:03:55  ▸    Error: No app specified
 ▸    Usage: heroku config:set --app APP
 ▸    We don't know which app to run this on.
 ▸    Run this command from inside an app folder or specify which app to use with --app APP
 ▸    
 ▸    https://devcenter.heroku.com/articles/using-the-cli#app-commands
2017/02/03 02:04:11 heroku-cli/5.6.8-9647e01 (linux-amd64) go1.7.4 /usr/lib/heroku/bin/heroku cmd: config:set
2017/02/03 02:04:11  ▸    Error: No app specified
 ▸    Usage: heroku config:set --app APP
 ▸    We don't know which app to run this on.
 ▸    Run this command from inside an app folder or specify which app to use with --app APP
 ▸    
 ▸    https://devcenter.heroku.com/articles/using-the-cli#app-commands
2017/02/03 02:04:37 heroku-cli/5.6.8-9647e01 (linux-amd64) go1.7.4 /usr/lib/heroku/bin/heroku cmd: config:set
2017/02/03 02:17:04 heroku-cli/5.6.8-9647e01 (linux-amd64) go1.7.4 /usr/lib/heroku/bin/heroku cmd: open
2017/02/03 02:17:06 Error: Error opening web browser.
Error: Exited with code 3

Manually visit https://protected-mesa-93352.herokuapp.com/ in your browser.
    at err (/usr/lib/heroku/lib/node_modules/heroku-apps/node_modules/heroku-cli-util/lib/open.js:10:16)
    at ChildProcess.<anonymous> (/usr/lib/heroku/lib/node_modules/opn/index.js:86:5)
    at ChildProcess.g (events.js:286:16)
    at emitTwo (events.js:106:13)
    at ChildProcess.emit (events.js:191:7)
    at maybeClose (internal/child_process.js:852:16)
    at Process.ChildProcess._handle.onexit (internal/child_process.js:215:5)
2017/02/03 04:30:06 heroku-cli/5.6.8-9647e01 (linux-amd64) go1.7.4 /usr/lib/heroku/bin/heroku cmd: login
2017/02/03 04:30:06 Email: 
2017/02/03 04:30:39 heroku-cli/5.6.8-9647e01 (linux-amd64) go1.7.4 /usr/lib/heroku/bin/heroku cmd: create
2017/02/03 04:31:13 heroku-cli/5.6.8-9647e01 (linux-amd64) go1.7.4 /usr/lib/heroku/bin/heroku cmd: rename
2017/02/03 04:31:15 Error: Expected response to be successful, got 404
    at Request.handleFailure (/usr/lib/heroku/lib/node_modules/heroku-client/lib/request.js:240:11)
    at concat.then (/usr/lib/heroku/lib/node_modules/heroku-client/lib/request.js:131:16)
    at process._tickCallback (internal/process/next_tick.js:103:7)
2017/02/03 04:31:15 {"resource":"app","id":"not_found","message":"Couldn't find that app."}
2017/02/03 04:31:58 heroku-cli/5.6.8-9647e01 (linux-amd64) go1.7.4 /usr/lib/heroku/bin/heroku cmd: rename
2017/02/03 04:32:00 Error: Expected response to be successful, got 404
    at Request.handleFailure (/usr/lib/heroku/lib/node_modules/heroku-client/lib/request.js:240:11)
    at concat.then (/usr/lib/heroku/lib/node_modules/heroku-client/lib/request.js:131:16)
    at process._tickCallback (internal/process/next_tick.js:103:7)
2017/02/03 04:32:00 {"resource":"app","id":"not_found","message":"Couldn't find that app."}
2017/02/03 04:33:09 heroku-cli/5.6.8-9647e01 (linux-amd64) go1.7.4 /usr/lib/heroku/bin/heroku cmd: rename
2017/02/03 04:33:11 Error: Expected response to be successful, got 404
    at Request.handleFailure (/usr/lib/heroku/lib/node_modules/heroku-client/lib/request.js:240:11)
    at concat.then (/usr/lib/heroku/lib/node_modules/heroku-client/lib/request.js:131:16)
    at process._tickCallback (internal/process/next_tick.js:103:7)
2017/02/03 04:33:11 {"resource":"app","id":"not_found","message":"Couldn't find that app."}
2017/02/03 04:33:18 heroku-cli/5.6.8-9647e01 (linux-amd64) go1.7.4 /usr/lib/heroku/bin/heroku cmd: rename
2017/02/03 04:33:20 Error: Expected response to be successful, got 404
    at Request.handleFailure (/usr/lib/heroku/lib/node_modules/heroku-client/lib/request.js:240:11)
    at concat.then (/usr/lib/heroku/lib/node_modules/heroku-client/lib/request.js:131:16)
    at process._tickCallback (internal/process/next_tick.js:103:7)
2017/02/03 04:33:20 {"resource":"app","id":"not_found","message":"Couldn't find that app."}
